build/app/intermediates/manifest_merge_blame_file/release/manifest-merger-blame-release-report.txt
1<?xml version="1.0" encoding="utf-8"?>
2<manifest xmlns:android="http://schemas.android.com/apk/res/android"
3    package="com.example.flutter_chat_app"
4    android:versionCode="1"
5    android:versionName="1.0.0" >
6
7    <uses-sdk
8        android:minSdkVersion="19"
8-->src\main\AndroidManifest.xml
9        android:targetSdkVersion="33" />
9-->src\main\AndroidManifest.xml
10
11    <uses-permission android:name="android.permission.INTERNET" />
11-->src\main\AndroidManifest.xml:2:1-63
11-->src\main\AndroidManifest.xml:2:18-60
12    <!--
13         Required to query activities that can process text, see:
14         https://developer.android.com/training/package-visibility?hl=en and
15         https://developer.android.com/reference/android/content/Intent#ACTION_PROCESS_TEXT.
16
17         In particular, this is used by the Flutter engine in io.flutter.plugin.text.ProcessTextPlugin.
18    -->
19    <queries>
19-->src\main\AndroidManifest.xml:39:5-44:15
20        <intent>
20-->src\main\AndroidManifest.xml:40:9-43:18
21            <action android:name="android.intent.action.PROCESS_TEXT" />
21-->src\main\AndroidManifest.xml:41:13-72
21-->src\main\AndroidManifest.xml:41:21-70
22
23            <data android:mimeType="text/plain" />
23-->src\main\AndroidManifest.xml:42:13-50
23-->src\main\AndroidManifest.xml:42:19-48
24        </intent>
25    </queries>
26
27    <uses-permission android:name="android.permission.ACCESS_NETWORK_STATE" />
27-->[com.google.firebase:firebase-auth:22.3.1] AndroidManifest.xml:26:5-79
27-->[com.google.firebase:firebase-auth:22.3.1] AndroidManifest.xml:26:22-76
28    <uses-permission android:name="com.google.android.providers.gsf.permission.READ_GSERVICES" />
28-->[com.google.android.recaptcha:recaptcha:18.4.0] AndroidManifest.xml:9:5-98
28-->[com.google.android.recaptcha:recaptcha:18.4.0] AndroidManifest.xml:9:22-95
29
30    <permission
30-->[androidx.core:core:1.10.1] AndroidManifest.xml:22:5-24:47
31        android:name="com.example.flutter_chat_app.DYNAMIC_RECEIVER_NOT_EXPORTED_PERMISSION"
31-->[androidx.core:core:1.10.1] AndroidManifest.xml:23:9-81
32        android:protectionLevel="signature" />
32-->[androidx.core:core:1.10.1] AndroidManifest.xml:24:9-44
33
34    <uses-permission android:name="com.example.flutter_chat_app.DYNAMIC_RECEIVER_NOT_EXPORTED_PERMISSION" />
34-->[androidx.core:core:1.10.1] AndroidManifest.xml:26:5-97
34-->[androidx.core:core:1.10.1] AndroidManifest.xml:26:22-94
35
36    <application
37        android:name="android.app.Application"
37-->src\main\AndroidManifest.xml:5:9-42
38        android:appComponentFactory="androidx.core.app.CoreComponentFactory"
38-->[androidx.core:core:1.10.1] AndroidManifest.xml:28:18-86
39        android:icon="@mipmap/ic_launcher"
39-->src\main\AndroidManifest.xml:6:9-43
40        android:label="flutter_chat_app" >
40-->src\main\AndroidManifest.xml:4:9-41
41        <activity
41-->src\main\AndroidManifest.xml:7:9-27:20
42            android:name="com.example.flutter_chat_app.MainActivity"
42-->src\main\AndroidManifest.xml:8:13-41
43            android:configChanges="orientation|keyboardHidden|keyboard|screenSize|smallestScreenSize|locale|layoutDirection|fontScale|screenLayout|density|uiMode"
43-->src\main\AndroidManifest.xml:12:13-163
44            android:exported="true"
44-->src\main\AndroidManifest.xml:9:13-36
45            android:hardwareAccelerated="true"
45-->src\main\AndroidManifest.xml:13:13-47
46            android:launchMode="singleTop"
46-->src\main\AndroidManifest.xml:10:13-43
47            android:theme="@style/LaunchTheme"
47-->src\main\AndroidManifest.xml:11:13-47
48            android:windowSoftInputMode="adjustResize" >
48-->src\main\AndroidManifest.xml:14:13-55
49
50            <!--
51                 Specifies an Android theme to apply to this Activity as soon as
52                 the Android process has started. This theme is visible to the user
53                 while the Flutter UI initializes. After that, this theme continues
54                 to determine the Window background behind the Flutter UI.
55            -->
56            <meta-data
56-->src\main\AndroidManifest.xml:19:13-22:17
57                android:name="io.flutter.embedding.android.NormalTheme"
57-->src\main\AndroidManifest.xml:20:15-70
58                android:resource="@style/NormalTheme" />
58-->src\main\AndroidManifest.xml:21:15-52
59
60            <intent-filter>
60-->src\main\AndroidManifest.xml:23:13-26:29
61                <action android:name="android.intent.action.MAIN" />
61-->src\main\AndroidManifest.xml:24:17-68
61-->src\main\AndroidManifest.xml:24:25-66
62
63                <category android:name="android.intent.category.LAUNCHER" />
63-->src\main\AndroidManifest.xml:25:17-76
63-->src\main\AndroidManifest.xml:25:27-74
64            </intent-filter>
65        </activity>
66        <!--
67             Don't delete the meta-data below.
68             This is used by the Flutter tool to generate GeneratedPluginRegistrant.java
69        -->
70        <meta-data
70-->src\main\AndroidManifest.xml:30:9-32:33
71            android:name="flutterEmbedding"
71-->src\main\AndroidManifest.xml:31:13-44
72            android:value="2" />
72-->src\main\AndroidManifest.xml:32:13-30
73
74        <service
74-->[:firebase_auth] AndroidManifest.xml:10:9-14:19
75            android:name="com.google.firebase.components.ComponentDiscoveryService"
75-->[:firebase_auth] AndroidManifest.xml:10:18-89
76            android:directBootAware="true"
76-->[com.google.firebase:firebase-common:20.4.2] AndroidManifest.xml:32:13-43
77            android:exported="false" >
77-->[com.google.firebase:firebase-auth:22.3.1] AndroidManifest.xml:68:13-37
78            <meta-data
78-->[:firebase_auth] AndroidManifest.xml:11:13-13:85
79                android:name="com.google.firebase.components:io.flutter.plugins.firebase.auth.FlutterFirebaseAuthRegistrar"
79-->[:firebase_auth] AndroidManifest.xml:12:17-124
80                android:value="com.google.firebase.components.ComponentRegistrar" />
80-->[:firebase_auth] AndroidManifest.xml:13:17-82
81            <meta-data
81-->[:firebase_storage] AndroidManifest.xml:11:13-13:85
82                android:name="com.google.firebase.components:io.flutter.plugins.firebase.storage.FlutterFirebaseAppRegistrar"
82-->[:firebase_storage] AndroidManifest.xml:12:17-126
83                android:value="com.google.firebase.components.ComponentRegistrar" />
83-->[:firebase_storage] AndroidManifest.xml:13:17-82
84            <meta-data
84-->[:cloud_firestore] AndroidManifest.xml:11:13-13:85
85                android:name="com.google.firebase.components:io.flutter.plugins.firebase.firestore.FlutterFirebaseFirestoreRegistrar"
85-->[:cloud_firestore] AndroidManifest.xml:12:17-134
86                android:value="com.google.firebase.components.ComponentRegistrar" />
86-->[:cloud_firestore] AndroidManifest.xml:13:17-82
87            <meta-data
87-->[:firebase_core] AndroidManifest.xml:11:13-13:85
88                android:name="com.google.firebase.components:io.flutter.plugins.firebase.core.FlutterFirebaseCoreRegistrar"
88-->[:firebase_core] AndroidManifest.xml:12:17-124
89                android:value="com.google.firebase.components.ComponentRegistrar" />
89-->[:firebase_core] AndroidManifest.xml:13:17-82
90            <meta-data
90-->[com.google.firebase:firebase-auth:22.3.1] AndroidManifest.xml:69:13-71:85
91                android:name="com.google.firebase.components:com.google.firebase.auth.FirebaseAuthRegistrar"
91-->[com.google.firebase:firebase-auth:22.3.1] AndroidManifest.xml:70:17-109
92                android:value="com.google.firebase.components.ComponentRegistrar" />
92-->[com.google.firebase:firebase-auth:22.3.1] AndroidManifest.xml:71:17-82
93            <meta-data
93-->[com.google.firebase:firebase-firestore:24.10.3] AndroidManifest.xml:17:13-19:85
94                android:name="com.google.firebase.components:com.google.firebase.firestore.FirebaseFirestoreKtxRegistrar"
94-->[com.google.firebase:firebase-firestore:24.10.3] AndroidManifest.xml:18:17-122
95                android:value="com.google.firebase.components.ComponentRegistrar" />
95-->[com.google.firebase:firebase-firestore:24.10.3] AndroidManifest.xml:19:17-82
96            <meta-data
96-->[com.google.firebase:firebase-firestore:24.10.3] AndroidManifest.xml:20:13-22:85
97                android:name="com.google.firebase.components:com.google.firebase.firestore.FirestoreRegistrar"
97-->[com.google.firebase:firebase-firestore:24.10.3] AndroidManifest.xml:21:17-111
98                android:value="com.google.firebase.components.ComponentRegistrar" />
98-->[com.google.firebase:firebase-firestore:24.10.3] AndroidManifest.xml:22:17-82
99            <meta-data
99-->[com.google.firebase:firebase-storage:20.3.0] AndroidManifest.xml:30:13-32:85
100                android:name="com.google.firebase.components:com.google.firebase.storage.FirebaseStorageKtxRegistrar"
100-->[com.google.firebase:firebase-storage:20.3.0] AndroidManifest.xml:31:17-118
101                android:value="com.google.firebase.components.ComponentRegistrar" />
101-->[com.google.firebase:firebase-storage:20.3.0] AndroidManifest.xml:32:17-82
102            <meta-data
102-->[com.google.firebase:firebase-storage:20.3.0] AndroidManifest.xml:33:13-35:85
103                android:name="com.google.firebase.components:com.google.firebase.storage.StorageRegistrar"
103-->[com.google.firebase:firebase-storage:20.3.0] AndroidManifest.xml:34:17-107
104                android:value="com.google.firebase.components.ComponentRegistrar" />
104-->[com.google.firebase:firebase-storage:20.3.0] AndroidManifest.xml:35:17-82
105            <meta-data
105-->[com.google.firebase:firebase-appcheck:17.1.2] AndroidManifest.xml:25:13-27:85
106                android:name="com.google.firebase.components:com.google.firebase.appcheck.FirebaseAppCheckKtxRegistrar"
106-->[com.google.firebase:firebase-appcheck:17.1.2] AndroidManifest.xml:26:17-120
107                android:value="com.google.firebase.components.ComponentRegistrar" />
107-->[com.google.firebase:firebase-appcheck:17.1.2] AndroidManifest.xml:27:17-82
108            <meta-data
108-->[com.google.firebase:firebase-appcheck:17.1.2] AndroidManifest.xml:28:13-30:85
109                android:name="com.google.firebase.components:com.google.firebase.appcheck.FirebaseAppCheckRegistrar"
109-->[com.google.firebase:firebase-appcheck:17.1.2] AndroidManifest.xml:29:17-117
110                android:value="com.google.firebase.components.ComponentRegistrar" />
110-->[com.google.firebase:firebase-appcheck:17.1.2] AndroidManifest.xml:30:17-82
111            <meta-data
111-->[com.google.firebase:firebase-common-ktx:20.4.2] AndroidManifest.xml:12:13-14:85
112                android:name="com.google.firebase.components:com.google.firebase.ktx.FirebaseCommonLegacyRegistrar"
112-->[com.google.firebase:firebase-common-ktx:20.4.2] AndroidManifest.xml:13:17-116
113                android:value="com.google.firebase.components.ComponentRegistrar" />
113-->[com.google.firebase:firebase-common-ktx:20.4.2] AndroidManifest.xml:14:17-82
114            <meta-data
114-->[com.google.firebase:firebase-common:20.4.2] AndroidManifest.xml:35:13-37:85
115                android:name="com.google.firebase.components:com.google.firebase.FirebaseCommonKtxRegistrar"
115-->[com.google.firebase:firebase-common:20.4.2] AndroidManifest.xml:36:17-109
116                android:value="com.google.firebase.components.ComponentRegistrar" />
116-->[com.google.firebase:firebase-common:20.4.2] AndroidManifest.xml:37:17-82
117        </service>
118
119        <provider
119-->[:image_picker_android] AndroidManifest.xml:10:9-18:20
120            android:name="io.flutter.plugins.imagepicker.ImagePickerFileProvider"
120-->[:image_picker_android] AndroidManifest.xml:11:13-82
121            android:authorities="com.example.flutter_chat_app.flutter.image_provider"
121-->[:image_picker_android] AndroidManifest.xml:12:13-74
122            android:exported="false"
122-->[:image_picker_android] AndroidManifest.xml:13:13-37
123            android:grantUriPermissions="true" >
123-->[:image_picker_android] AndroidManifest.xml:14:13-47
124            <meta-data
124-->[:image_picker_android] AndroidManifest.xml:15:13-17:75
125                android:name="android.support.FILE_PROVIDER_PATHS"
125-->[:image_picker_android] AndroidManifest.xml:16:17-67
126                android:resource="@xml/flutter_image_picker_file_paths" />
126-->[:image_picker_android] AndroidManifest.xml:17:17-72
127        </provider>
128
129        <activity
129-->[com.google.firebase:firebase-auth:22.3.1] AndroidManifest.xml:29:9-46:20
130            android:name="com.google.firebase.auth.internal.GenericIdpActivity"
130-->[com.google.firebase:firebase-auth:22.3.1] AndroidManifest.xml:30:13-80
131            android:excludeFromRecents="true"
131-->[com.google.firebase:firebase-auth:22.3.1] AndroidManifest.xml:31:13-46
132            android:exported="true"
132-->[com.google.firebase:firebase-auth:22.3.1] AndroidManifest.xml:32:13-36
133            android:launchMode="singleTask"
133-->[com.google.firebase:firebase-auth:22.3.1] AndroidManifest.xml:33:13-44
134            android:theme="@android:style/Theme.Translucent.NoTitleBar" >
134-->[com.google.firebase:firebase-auth:22.3.1] AndroidManifest.xml:34:13-72
135            <intent-filter>
135-->[com.google.firebase:firebase-auth:22.3.1] AndroidManifest.xml:35:13-45:29
136                <action android:name="android.intent.action.VIEW" />
136-->[com.google.firebase:firebase-auth:22.3.1] AndroidManifest.xml:36:17-69
136-->[com.google.firebase:firebase-auth:22.3.1] AndroidManifest.xml:36:25-66
137
138                <category android:name="android.intent.category.DEFAULT" />
138-->[com.google.firebase:firebase-auth:22.3.1] AndroidManifest.xml:38:17-76
138-->[com.google.firebase:firebase-auth:22.3.1] AndroidManifest.xml:38:27-73
139                <category android:name="android.intent.category.BROWSABLE" />
139-->[com.google.firebase:firebase-auth:22.3.1] AndroidManifest.xml:39:17-78
139-->[com.google.firebase:firebase-auth:22.3.1] AndroidManifest.xml:39:27-75
140
141                <data
141-->src\main\AndroidManifest.xml:42:13-50
142                    android:host="firebase.auth"
143                    android:path="/"
144                    android:scheme="genericidp" />
145            </intent-filter>
146        </activity>
147        <activity
147-->[com.google.firebase:firebase-auth:22.3.1] AndroidManifest.xml:47:9-64:20
148            android:name="com.google.firebase.auth.internal.RecaptchaActivity"
148-->[com.google.firebase:firebase-auth:22.3.1] AndroidManifest.xml:48:13-79
149            android:excludeFromRecents="true"
149-->[com.google.firebase:firebase-auth:22.3.1] AndroidManifest.xml:49:13-46
150            android:exported="true"
150-->[com.google.firebase:firebase-auth:22.3.1] AndroidManifest.xml:50:13-36
151            android:launchMode="singleTask"
151-->[com.google.firebase:firebase-auth:22.3.1] AndroidManifest.xml:51:13-44
152            android:theme="@android:style/Theme.Translucent.NoTitleBar" >
152-->[com.google.firebase:firebase-auth:22.3.1] AndroidManifest.xml:52:13-72
153            <intent-filter>
153-->[com.google.firebase:firebase-auth:22.3.1] AndroidManifest.xml:53:13-63:29
154                <action android:name="android.intent.action.VIEW" />
154-->[com.google.firebase:firebase-auth:22.3.1] AndroidManifest.xml:36:17-69
154-->[com.google.firebase:firebase-auth:22.3.1] AndroidManifest.xml:36:25-66
155
156                <category android:name="android.intent.category.DEFAULT" />
156-->[com.google.firebase:firebase-auth:22.3.1] AndroidManifest.xml:38:17-76
156-->[com.google.firebase:firebase-auth:22.3.1] AndroidManifest.xml:38:27-73
157                <category android:name="android.intent.category.BROWSABLE" />
157-->[com.google.firebase:firebase-auth:22.3.1] AndroidManifest.xml:39:17-78
157-->[com.google.firebase:firebase-auth:22.3.1] AndroidManifest.xml:39:27-75
158
159                <data
159-->src\main\AndroidManifest.xml:42:13-50
160                    android:host="firebase.auth"
161                    android:path="/"
162                    android:scheme="recaptcha" />
163            </intent-filter>
164        </activity>
165        <activity
165-->[com.google.android.gms:play-services-base:18.1.0] AndroidManifest.xml:20:9-22:45
166            android:name="com.google.android.gms.common.api.GoogleApiActivity"
166-->[com.google.android.gms:play-services-base:18.1.0] AndroidManifest.xml:20:19-85
167            android:exported="false"
167-->[com.google.android.gms:play-services-base:18.1.0] AndroidManifest.xml:22:19-43
168            android:theme="@android:style/Theme.Translucent.NoTitleBar" />
168-->[com.google.android.gms:play-services-base:18.1.0] AndroidManifest.xml:21:19-78
169
170        <provider
170-->[com.google.firebase:firebase-common:20.4.2] AndroidManifest.xml:23:9-28:39
171            android:name="com.google.firebase.provider.FirebaseInitProvider"
171-->[com.google.firebase:firebase-common:20.4.2] AndroidManifest.xml:24:13-77
172            android:authorities="com.example.flutter_chat_app.firebaseinitprovider"
172-->[com.google.firebase:firebase-common:20.4.2] AndroidManifest.xml:25:13-72
173            android:directBootAware="true"
173-->[com.google.firebase:firebase-common:20.4.2] AndroidManifest.xml:26:13-43
174            android:exported="false"
174-->[com.google.firebase:firebase-common:20.4.2] AndroidManifest.xml:27:13-37
175            android:initOrder="100" />
175-->[com.google.firebase:firebase-common:20.4.2] AndroidManifest.xml:28:13-36
176
177        <meta-data
177-->[com.google.android.gms:play-services-basement:18.3.0] AndroidManifest.xml:21:9-23:69
178            android:name="com.google.android.gms.version"
178-->[com.google.android.gms:play-services-basement:18.3.0] AndroidManifest.xml:22:13-58
179            android:value="@integer/google_play_services_version" />
179-->[com.google.android.gms:play-services-basement:18.3.0] AndroidManifest.xml:23:13-66
180
181        <uses-library
181-->[androidx.window:window:1.0.0-beta04] AndroidManifest.xml:25:9-27:40
182            android:name="androidx.window.extensions"
182-->[androidx.window:window:1.0.0-beta04] AndroidManifest.xml:26:13-54
183            android:required="false" />
183-->[androidx.window:window:1.0.0-beta04] AndroidManifest.xml:27:13-37
184        <uses-library
184-->[androidx.window:window:1.0.0-beta04] AndroidManifest.xml:28:9-30:40
185            android:name="androidx.window.sidecar"
185-->[androidx.window:window:1.0.0-beta04] AndroidManifest.xml:29:13-51
186            android:required="false" />
186-->[androidx.window:window:1.0.0-beta04] AndroidManifest.xml:30:13-37
187
188        <provider
188-->[androidx.profileinstaller:profileinstaller:1.3.0] AndroidManifest.xml:24:9-32:20
189            android:name="androidx.startup.InitializationProvider"
189-->[androidx.profileinstaller:profileinstaller:1.3.0] AndroidManifest.xml:25:13-67
190            android:authorities="com.example.flutter_chat_app.androidx-startup"
190-->[androidx.profileinstaller:profileinstaller:1.3.0] AndroidManifest.xml:26:13-68
191            android:exported="false" >
191-->[androidx.profileinstaller:profileinstaller:1.3.0] AndroidManifest.xml:27:13-37
192            <meta-data
192-->[androidx.profileinstaller:profileinstaller:1.3.0] AndroidManifest.xml:29:13-31:52
193                android:name="androidx.profileinstaller.ProfileInstallerInitializer"
193-->[androidx.profileinstaller:profileinstaller:1.3.0] AndroidManifest.xml:30:17-85
194                android:value="androidx.startup" />
194-->[androidx.profileinstaller:profileinstaller:1.3.0] AndroidManifest.xml:31:17-49
195        </provider>
196
197        <receiver
197-->[androidx.profileinstaller:profileinstaller:1.3.0] AndroidManifest.xml:34:9-52:20
198            android:name="androidx.profileinstaller.ProfileInstallReceiver"
198-->[androidx.profileinstaller:profileinstaller:1.3.0] AndroidManifest.xml:35:13-76
199            android:directBootAware="false"
199-->[androidx.profileinstaller:profileinstaller:1.3.0] AndroidManifest.xml:36:13-44
200            android:enabled="true"
200-->[androidx.profileinstaller:profileinstaller:1.3.0] AndroidManifest.xml:37:13-35
201            android:exported="true"
201-->[androidx.profileinstaller:profileinstaller:1.3.0] AndroidManifest.xml:38:13-36
202            android:permission="android.permission.DUMP" >
202-->[androidx.profileinstaller:profileinstaller:1.3.0] AndroidManifest.xml:39:13-57
203            <intent-filter>
203-->[androidx.profileinstaller:profileinstaller:1.3.0] AndroidManifest.xml:40:13-42:29
204                <action android:name="androidx.profileinstaller.action.INSTALL_PROFILE" />
204-->[androidx.profileinstaller:profileinstaller:1.3.0] AndroidManifest.xml:41:17-91
204-->[androidx.profileinstaller:profileinstaller:1.3.0] AndroidManifest.xml:41:25-88
205            </intent-filter>
206            <intent-filter>
206-->[androidx.profileinstaller:profileinstaller:1.3.0] AndroidManifest.xml:43:13-45:29
207                <action android:name="androidx.profileinstaller.action.SKIP_FILE" />
207-->[androidx.profileinstaller:profileinstaller:1.3.0] AndroidManifest.xml:44:17-85
207-->[androidx.profileinstaller:profileinstaller:1.3.0] AndroidManifest.xml:44:25-82
208            </intent-filter>
209            <intent-filter>
209-->[androidx.profileinstaller:profileinstaller:1.3.0] AndroidManifest.xml:46:13-48:29
210                <action android:name="androidx.profileinstaller.action.SAVE_PROFILE" />
210-->[androidx.profileinstaller:profileinstaller:1.3.0] AndroidManifest.xml:47:17-88
210-->[androidx.profileinstaller:profileinstaller:1.3.0] AndroidManifest.xml:47:25-85
211            </intent-filter>
212            <intent-filter>
212-->[androidx.profileinstaller:profileinstaller:1.3.0] AndroidManifest.xml:49:13-51:29
213                <action android:name="androidx.profileinstaller.action.BENCHMARK_OPERATION" />
213-->[androidx.profileinstaller:profileinstaller:1.3.0] AndroidManifest.xml:50:17-95
213-->[androidx.profileinstaller:profileinstaller:1.3.0] AndroidManifest.xml:50:25-92
214            </intent-filter>
215        </receiver>
216    </application>
217
218</manifest>